\BOOKMARK [0][-]{chapter*.1}{Danksagung}{}% 1
\BOOKMARK [0][-]{chapter*.2}{Zusammenfassung}{}% 2
\BOOKMARK [0][-]{chapter*.2}{Inhaltsverzeichnis}{}% 3
\BOOKMARK [0][-]{chapter*.4}{Symbolverzeichnis}{}% 4
\BOOKMARK [0][-]{chapter.1}{Einleitung}{}% 5
\BOOKMARK [1][-]{section.1.1}{Aufbau der Arbeit}{chapter.1}% 6
\BOOKMARK [0][-]{chapter.2}{Grundlagen}{}% 7
\BOOKMARK [1][-]{section.2.1}{Medizinische Grundlagen}{chapter.2}% 8
\BOOKMARK [2][-]{subsection.2.1.1}{Posturale Kontrolle}{section.2.1}% 9
\BOOKMARK [1][-]{section.2.2}{Mathematische Methoden}{chapter.2}% 10
\BOOKMARK [2][-]{subsection.2.2.1}{Kalman Filter}{section.2.2}% 11
\BOOKMARK [1][-]{section.2.3}{Bewegungserfassung}{chapter.2}% 12
\BOOKMARK [2][-]{subsection.2.3.1}{Definitionen}{section.2.3}% 13
\BOOKMARK [2][-]{subsection.2.3.2}{Arten der Aufnahmesysteme}{section.2.3}% 14
\BOOKMARK [2][-]{subsection.2.3.3}{Optische Trackingsysteme}{section.2.3}% 15
\BOOKMARK [2][-]{subsection.2.3.4}{Tracking mit Intertialsensorik}{section.2.3}% 16
\BOOKMARK [1][-]{section.2.4}{Body Sensor Network}{chapter.2}% 17
\BOOKMARK [0][-]{chapter.3}{Hauptteil}{}% 18
\BOOKMARK [0][-]{chapter.4}{Messung}{}% 19
\BOOKMARK [0][-]{chapter.5}{Ergebnisse}{}% 20
\BOOKMARK [0][-]{chapter.6}{Diskussion}{}% 21
\BOOKMARK [0][-]{chapter.7}{Fazit}{}% 22
\BOOKMARK [0][-]{appendix.A}{Anhang}{}% 23
\BOOKMARK [0][-]{chapter*.18}{Literaturverzeichnis}{}% 24
